<?xml version="1.0" encoding="UTF-8"?>
<!-- Generated by org.testng.reporters.JUnitReportReporter -->
<testsuite hostname="Mohammeds-MacBook-Pro.local" failures="0" tests="4" name="testScripts.phpTravelTestScript" time="26.535" errors="0" timestamp="2021-08-01T23:13:56 EDT" skipped="0">
  <testcase classname="testScripts.phpTravelTestScript" name="testFlightTab2" time="5.342"/>
  <system-out/>
  <testcase classname="testScripts.phpTravelTestScript" name="testHotelCheckIn" time="7.580"/>
  <system-out/>
  <testcase classname="testScripts.phpTravelTestScript" name="testFlightTab" time="9.040"/>
  <system-out/>
  <testcase classname="testScripts.phpTravelTestScript" name="testTabs" time="4.573"/>
  <system-out/>
</testsuite> <!-- testScripts.phpTravelTestScript -->
